{
  "stats": {
    "suites": 3,
    "tests": 9,
    "passes": 9,
    "pending": 0,
    "failures": 0,
    "start": "2022-03-11T09:31:47.831Z",
    "end": "2022-03-11T09:31:51.399Z",
    "duration": 3568,
    "testsRegistered": 9,
    "passPercent": 100,
    "pendingPercent": 0,
    "other": 0,
    "hasOther": false,
    "skipped": 0,
    "hasSkipped": false
  },
  "results": [
    {
      "uuid": "1b2d36d1-2f0e-41d0-b411-01a460e7562b",
      "title": "",
      "fullFile": "cypress/integration/assertions.spec.js",
      "file": "cypress/integration/assertions.spec.js",
      "beforeHooks": [],
      "afterHooks": [],
      "tests": [],
      "suites": [
        {
          "uuid": "ce6a0e3d-f215-45f4-88e2-368a8119203c",
          "title": "Assertions",
          "fullFile": "",
          "file": "",
          "beforeHooks": [],
          "afterHooks": [],
          "tests": [],
          "suites": [
            {
              "uuid": "62c65e08-7002-405d-8c80-c3ae8be4dd9a",
              "title": "Implicit Assertions",
              "fullFile": "",
              "file": "",
              "beforeHooks": [],
              "afterHooks": [],
              "tests": [
                {
                  "title": ".should() - make an assertion about the current subject",
                  "fullTitle": "Assertions Implicit Assertions .should() - make an assertion about the current subject",
                  "timedOut": null,
                  "duration": 314,
                  "state": "passed",
                  "speed": "fast",
                  "pass": true,
                  "fail": false,
                  "pending": false,
                  "context": "\"videos/assertions.spec.js.mp4\"",
                  "code": "// https://on.cypress.io/should\ncy.get('.assertion-table').find('tbody tr:last').should('have.class', 'success').find('td').first() // checking the text of the <td> element in various ways\n.should('have.text', 'Column content').should('contain', 'Column content').should('have.html', 'Column content') // chai-jquery uses \"is()\" to check if element matches selector\n.should('match', 'td') // to match text content against a regular expression\n// first need to invoke jQuery method text()\n// and then match using regular expression\n.invoke('text').should('match', /column content/i); // a better way to check element's text content against a regular expression\n// is to use \"cy.contains\"\n// https://on.cypress.io/contains\ncy.get('.assertion-table').find('tbody tr:last') // finds first <td> element with text content matching regular expression\n.contains('td', /column content/i).should('be.visible'); // for more information about asserting element's text\n// see https://on.cypress.io/using-cypress-faq#How-do-I-get-an-element’s-text-contents",
                  "err": {},
                  "uuid": "8350db99-2c80-451c-9e5d-fd18d3523bb2",
                  "parentUUID": "62c65e08-7002-405d-8c80-c3ae8be4dd9a",
                  "isHook": false,
                  "skipped": false
                },
                {
                  "title": ".and() - chain multiple assertions together",
                  "fullTitle": "Assertions Implicit Assertions .and() - chain multiple assertions together",
                  "timedOut": null,
                  "duration": 106,
                  "state": "passed",
                  "speed": "fast",
                  "pass": true,
                  "fail": false,
                  "pending": false,
                  "context": "\"videos/assertions.spec.js.mp4\"",
                  "code": "// https://on.cypress.io/and\ncy.get('.assertions-link').should('have.class', 'active').and('have.attr', 'href').and('include', 'cypress.io');",
                  "err": {},
                  "uuid": "072f0787-6c9b-441b-b007-10f551920bc0",
                  "parentUUID": "62c65e08-7002-405d-8c80-c3ae8be4dd9a",
                  "isHook": false,
                  "skipped": false
                }
              ],
              "suites": [],
              "passes": [
                "8350db99-2c80-451c-9e5d-fd18d3523bb2",
                "072f0787-6c9b-441b-b007-10f551920bc0"
              ],
              "failures": [],
              "pending": [],
              "skipped": [],
              "duration": 420,
              "root": false,
              "rootEmpty": false,
              "_timeout": 2000
            },
            {
              "uuid": "a1242cce-6ca7-4de8-af36-4d6183684ca2",
              "title": "Explicit Assertions",
              "fullFile": "",
              "file": "",
              "beforeHooks": [],
              "afterHooks": [],
              "tests": [
                {
                  "title": "expect - make an assertion about a specified subject",
                  "fullTitle": "Assertions Explicit Assertions expect - make an assertion about a specified subject",
                  "timedOut": null,
                  "duration": 116,
                  "state": "passed",
                  "speed": "fast",
                  "pass": true,
                  "fail": false,
                  "pending": false,
                  "context": "\"videos/assertions.spec.js.mp4\"",
                  "code": "// We can use Chai's BDD style assertions\nexpect(true).to.be.true;\nconst o = {\n  foo: 'bar'\n};\nexpect(o).to.equal(o);\nexpect(o).to.deep.equal({\n  foo: 'bar'\n}); // matching text using regular expression\nexpect('FooBar').to.match(/bar$/i);",
                  "err": {},
                  "uuid": "06a1b2df-dcb8-41ea-b796-804c342ff5af",
                  "parentUUID": "a1242cce-6ca7-4de8-af36-4d6183684ca2",
                  "isHook": false,
                  "skipped": false
                },
                {
                  "title": "pass your own callback function to should()",
                  "fullTitle": "Assertions Explicit Assertions pass your own callback function to should()",
                  "timedOut": null,
                  "duration": 100,
                  "state": "passed",
                  "speed": "fast",
                  "pass": true,
                  "fail": false,
                  "pending": false,
                  "context": "\"videos/assertions.spec.js.mp4\"",
                  "code": "// Pass a function to should that can have any number\n// of explicit assertions within it.\n// The \".should(cb)\" function will be retried\n// automatically until it passes all your explicit assertions or times out.\ncy.get('.assertions-p').find('p').should($p => {\n  // https://on.cypress.io/$\n  // return an array of texts from all of the p's\n  // @ts-ignore TS6133 unused variable\n  const texts = $p.map((i, el) => Cypress.$(el).text()); // jquery map returns jquery object\n  // and .get() convert this to simple array\n  const paragraphs = texts.get(); // array should have length of 3\n  expect(paragraphs, 'has 3 paragraphs').to.have.length(3); // use second argument to expect(...) to provide clear\n  // message with each assertion\n  expect(paragraphs, 'has expected text in each paragraph').to.deep.eq(['Some text from first p', 'More text from second p', 'And even more text from third p']);\n});",
                  "err": {},
                  "uuid": "a2ffbacb-a22f-4bb3-98f6-a5decad8df73",
                  "parentUUID": "a1242cce-6ca7-4de8-af36-4d6183684ca2",
                  "isHook": false,
                  "skipped": false
                },
                {
                  "title": "finds element by class name regex",
                  "fullTitle": "Assertions Explicit Assertions finds element by class name regex",
                  "timedOut": null,
                  "duration": 109,
                  "state": "passed",
                  "speed": "fast",
                  "pass": true,
                  "fail": false,
                  "pending": false,
                  "context": "\"videos/assertions.spec.js.mp4\"",
                  "code": "cy.get('.docs-header').find('div') // .should(cb) callback function will be retried\n.should($div => {\n  expect($div).to.have.length(1);\n  const className = $div[0].className;\n  expect(className).to.match(/heading-/);\n}) // .then(cb) callback is not retried,\n// it either passes or fails\n.then($div => {\n  expect($div, 'text content').to.have.text('Introduction');\n});",
                  "err": {},
                  "uuid": "f41e4de5-8657-461f-8cf9-2d799bc1bd65",
                  "parentUUID": "a1242cce-6ca7-4de8-af36-4d6183684ca2",
                  "isHook": false,
                  "skipped": false
                },
                {
                  "title": "can throw any error",
                  "fullTitle": "Assertions Explicit Assertions can throw any error",
                  "timedOut": null,
                  "duration": 95,
                  "state": "passed",
                  "speed": "fast",
                  "pass": true,
                  "fail": false,
                  "pending": false,
                  "context": "\"videos/assertions.spec.js.mp4\"",
                  "code": "cy.get('.docs-header').find('div').should($div => {\n  if ($div.length !== 1) {\n    // you can throw your own errors\n    throw new Error('Did not find 1 element');\n  }\n  const className = $div[0].className;\n  if (!className.match(/heading-/)) {\n    throw new Error(`Could not find class \"heading-\" in ${className}`);\n  }\n});",
                  "err": {},
                  "uuid": "f6729c8f-76cd-4b9e-a530-5debfbc191f3",
                  "parentUUID": "a1242cce-6ca7-4de8-af36-4d6183684ca2",
                  "isHook": false,
                  "skipped": false
                },
                {
                  "title": "matches unknown text between two elements",
                  "fullTitle": "Assertions Explicit Assertions matches unknown text between two elements",
                  "timedOut": null,
                  "duration": 113,
                  "state": "passed",
                  "speed": "fast",
                  "pass": true,
                  "fail": false,
                  "pending": false,
                  "context": "\"videos/assertions.spec.js.mp4\"",
                  "code": "/**\n * Text from the first element.\n * @type {string}\n*/\nlet text;\n/**\n * Normalizes passed text,\n * useful before comparing text with spaces and different capitalization.\n * @param {string} s Text to normalize\n*/\nconst normalizeText = s => s.replace(/\\s/g, '').toLowerCase();\ncy.get('.two-elements').find('.first').then($first => {\n  // save text from the first element\n  text = normalizeText($first.text());\n});\ncy.get('.two-elements').find('.second').should($div => {\n  // we can massage text before comparing\n  const secondText = normalizeText($div.text());\n  expect(secondText, 'second text').to.equal(text);\n});",
                  "err": {},
                  "uuid": "47795f1c-7853-43a3-8a0c-8871b74970ee",
                  "parentUUID": "a1242cce-6ca7-4de8-af36-4d6183684ca2",
                  "isHook": false,
                  "skipped": false
                },
                {
                  "title": "assert - assert shape of an object",
                  "fullTitle": "Assertions Explicit Assertions assert - assert shape of an object",
                  "timedOut": null,
                  "duration": 95,
                  "state": "passed",
                  "speed": "fast",
                  "pass": true,
                  "fail": false,
                  "pending": false,
                  "context": "\"videos/assertions.spec.js.mp4\"",
                  "code": "const person = {\n  name: 'Joe',\n  age: 20\n};\nassert.isObject(person, 'value is object');",
                  "err": {},
                  "uuid": "b4e3c8ea-6d78-41d1-b689-7656eeb3b460",
                  "parentUUID": "a1242cce-6ca7-4de8-af36-4d6183684ca2",
                  "isHook": false,
                  "skipped": false
                },
                {
                  "title": "retries the should callback until assertions pass",
                  "fullTitle": "Assertions Explicit Assertions retries the should callback until assertions pass",
                  "timedOut": null,
                  "duration": 1596,
                  "state": "passed",
                  "speed": "fast",
                  "pass": true,
                  "fail": false,
                  "pending": false,
                  "context": "\"videos/assertions.spec.js.mp4\"",
                  "code": "cy.get('#random-number').should($div => {\n  const n = parseFloat($div.text());\n  expect(n).to.be.gte(1).and.be.lte(10);\n});",
                  "err": {},
                  "uuid": "fe20bafa-e965-40d1-9144-b8ebf04b0c92",
                  "parentUUID": "a1242cce-6ca7-4de8-af36-4d6183684ca2",
                  "isHook": false,
                  "skipped": false
                }
              ],
              "suites": [],
              "passes": [
                "06a1b2df-dcb8-41ea-b796-804c342ff5af",
                "a2ffbacb-a22f-4bb3-98f6-a5decad8df73",
                "f41e4de5-8657-461f-8cf9-2d799bc1bd65",
                "f6729c8f-76cd-4b9e-a530-5debfbc191f3",
                "47795f1c-7853-43a3-8a0c-8871b74970ee",
                "b4e3c8ea-6d78-41d1-b689-7656eeb3b460",
                "fe20bafa-e965-40d1-9144-b8ebf04b0c92"
              ],
              "failures": [],
              "pending": [],
              "skipped": [],
              "duration": 2224,
              "root": false,
              "rootEmpty": false,
              "_timeout": 2000
            }
          ],
          "passes": [],
          "failures": [],
          "pending": [],
          "skipped": [],
          "duration": 0,
          "root": false,
          "rootEmpty": false,
          "_timeout": 2000
        }
      ],
      "passes": [],
      "failures": [],
      "pending": [],
      "skipped": [],
      "duration": 0,
      "root": true,
      "rootEmpty": true,
      "_timeout": 2000
    }
  ],
  "meta": {
    "mocha": {
      "version": "7.0.1"
    },
    "mochawesome": {
      "options": {
        "quiet": false,
        "reportFilename": "mochawesome",
        "saveHtml": false,
        "saveJson": true,
        "consoleReporter": "spec",
        "useInlineDiffs": false,
        "code": true
      },
      "version": "7.1.2"
    },
    "marge": {
      "options": {
        "overwrite": false,
        "html": false,
        "json": true
      },
      "version": "6.1.1"
    }
  }
}